[INFO  - 2014-10-10T13:37:36.548Z] GhostDriver - Main - running on port 26048
[INFO  - 2014-10-10T13:37:37.285Z] Session [991db8f0-5082-11e4-a5a8-c1efb62e9ece] - page.settings - {"XSSAuditingEnabled":false,"javascriptCanCloseWindows":true,"javascriptCanOpenWindows":true,"javascriptEnabled":true,"loadImages":true,"localToRemoteUrlAccessEnabled":false,"userAgent":"Mozilla/5.0 (Unknown; Linux x86_64) AppleWebKit/534.34 (KHTML, like Gecko) PhantomJS/1.9.7 Safari/534.34","webSecurityEnabled":true}
[INFO  - 2014-10-10T13:37:37.285Z] Session [991db8f0-5082-11e4-a5a8-c1efb62e9ece] - page.customHeaders:  - {}
[INFO  - 2014-10-10T13:37:37.285Z] Session [991db8f0-5082-11e4-a5a8-c1efb62e9ece] - Session.negotiatedCapabilities - {"browserName":"phantomjs","version":"1.9.7","driverName":"ghostdriver","driverVersion":"1.1.0","platform":"linux-unknown-64bit","javascriptEnabled":true,"takesScreenshot":true,"handlesAlerts":false,"databaseEnabled":false,"locationContextEnabled":false,"applicationCacheEnabled":false,"browserConnectionEnabled":false,"cssSelectorsEnabled":true,"webStorageEnabled":false,"rotatable":false,"acceptSslCerts":false,"nativeEvents":true,"proxy":{"proxyType":"direct"}}
[INFO  - 2014-10-10T13:37:37.294Z] SessionManagerReqHand - _postNewSessionCommand - New Session Created: 991db8f0-5082-11e4-a5a8-c1efb62e9ece
[INFO  - 2014-10-10T13:37:39.554Z] ShutdownReqHand - _handle - About to shutdown
[INFO  - 2014-10-10T13:41:44.906Z] GhostDriver - Main - running on port 27503
[INFO  - 2014-10-10T13:41:45.348Z] Session [2cf2b940-5083-11e4-ae3c-658090f0bc9b] - page.settings - {"XSSAuditingEnabled":false,"javascriptCanCloseWindows":true,"javascriptCanOpenWindows":true,"javascriptEnabled":true,"loadImages":true,"localToRemoteUrlAccessEnabled":false,"userAgent":"Mozilla/5.0 (Unknown; Linux x86_64) AppleWebKit/534.34 (KHTML, like Gecko) PhantomJS/1.9.7 Safari/534.34","webSecurityEnabled":true}
[INFO  - 2014-10-10T13:41:45.348Z] Session [2cf2b940-5083-11e4-ae3c-658090f0bc9b] - page.customHeaders:  - {}
[INFO  - 2014-10-10T13:41:45.348Z] Session [2cf2b940-5083-11e4-ae3c-658090f0bc9b] - Session.negotiatedCapabilities - {"browserName":"phantomjs","version":"1.9.7","driverName":"ghostdriver","driverVersion":"1.1.0","platform":"linux-unknown-64bit","javascriptEnabled":true,"takesScreenshot":true,"handlesAlerts":false,"databaseEnabled":false,"locationContextEnabled":false,"applicationCacheEnabled":false,"browserConnectionEnabled":false,"cssSelectorsEnabled":true,"webStorageEnabled":false,"rotatable":false,"acceptSslCerts":false,"nativeEvents":true,"proxy":{"proxyType":"direct"}}
[INFO  - 2014-10-10T13:41:45.348Z] SessionManagerReqHand - _postNewSessionCommand - New Session Created: 2cf2b940-5083-11e4-ae3c-658090f0bc9b
[INFO  - 2014-10-10T13:41:47.890Z] ShutdownReqHand - _handle - About to shutdown
[INFO  - 2014-10-10T13:57:56.954Z] GhostDriver - Main - running on port 24124
[INFO  - 2014-10-10T13:57:57.216Z] Session [70404490-5085-11e4-8a27-57b29ab41914] - page.settings - {"XSSAuditingEnabled":false,"javascriptCanCloseWindows":true,"javascriptCanOpenWindows":true,"javascriptEnabled":true,"loadImages":true,"localToRemoteUrlAccessEnabled":false,"userAgent":"Mozilla/5.0 (Unknown; Linux x86_64) AppleWebKit/534.34 (KHTML, like Gecko) PhantomJS/1.9.7 Safari/534.34","webSecurityEnabled":true}
[INFO  - 2014-10-10T13:57:57.216Z] Session [70404490-5085-11e4-8a27-57b29ab41914] - page.customHeaders:  - {}
[INFO  - 2014-10-10T13:57:57.216Z] Session [70404490-5085-11e4-8a27-57b29ab41914] - Session.negotiatedCapabilities - {"browserName":"phantomjs","version":"1.9.7","driverName":"ghostdriver","driverVersion":"1.1.0","platform":"linux-unknown-64bit","javascriptEnabled":true,"takesScreenshot":true,"handlesAlerts":false,"databaseEnabled":false,"locationContextEnabled":false,"applicationCacheEnabled":false,"browserConnectionEnabled":false,"cssSelectorsEnabled":true,"webStorageEnabled":false,"rotatable":false,"acceptSslCerts":false,"nativeEvents":true,"proxy":{"proxyType":"direct"}}
[INFO  - 2014-10-10T13:57:57.216Z] SessionManagerReqHand - _postNewSessionCommand - New Session Created: 70404490-5085-11e4-8a27-57b29ab41914
[INFO  - 2014-10-10T13:57:58.566Z] ShutdownReqHand - _handle - About to shutdown
[INFO  - 2014-10-10T13:59:33.570Z] GhostDriver - Main - running on port 16827
[INFO  - 2014-10-10T13:59:34.123Z] Session [aa034150-5085-11e4-80b1-fffe99cf203f] - page.settings - {"XSSAuditingEnabled":false,"javascriptCanCloseWindows":true,"javascriptCanOpenWindows":true,"javascriptEnabled":true,"loadImages":true,"localToRemoteUrlAccessEnabled":false,"userAgent":"Mozilla/5.0 (Unknown; Linux x86_64) AppleWebKit/534.34 (KHTML, like Gecko) PhantomJS/1.9.7 Safari/534.34","webSecurityEnabled":true}
[INFO  - 2014-10-10T13:59:34.123Z] Session [aa034150-5085-11e4-80b1-fffe99cf203f] - page.customHeaders:  - {}
[INFO  - 2014-10-10T13:59:34.127Z] Session [aa034150-5085-11e4-80b1-fffe99cf203f] - Session.negotiatedCapabilities - {"browserName":"phantomjs","version":"1.9.7","driverName":"ghostdriver","driverVersion":"1.1.0","platform":"linux-unknown-64bit","javascriptEnabled":true,"takesScreenshot":true,"handlesAlerts":false,"databaseEnabled":false,"locationContextEnabled":false,"applicationCacheEnabled":false,"browserConnectionEnabled":false,"cssSelectorsEnabled":true,"webStorageEnabled":false,"rotatable":false,"acceptSslCerts":false,"nativeEvents":true,"proxy":{"proxyType":"direct"}}
[INFO  - 2014-10-10T13:59:34.127Z] SessionManagerReqHand - _postNewSessionCommand - New Session Created: aa034150-5085-11e4-80b1-fffe99cf203f
[INFO  - 2014-10-10T13:59:35.330Z] ShutdownReqHand - _handle - About to shutdown
[INFO  - 2014-10-10T14:01:05.887Z] GhostDriver - Main - running on port 31933
[INFO  - 2014-10-10T14:01:06.302Z] Session [e0f2f9d0-5085-11e4-b90c-69882ac9a0a6] - page.settings - {"XSSAuditingEnabled":false,"javascriptCanCloseWindows":true,"javascriptCanOpenWindows":true,"javascriptEnabled":true,"loadImages":true,"localToRemoteUrlAccessEnabled":false,"userAgent":"Mozilla/5.0 (Unknown; Linux x86_64) AppleWebKit/534.34 (KHTML, like Gecko) PhantomJS/1.9.7 Safari/534.34","webSecurityEnabled":true}
[INFO  - 2014-10-10T14:01:06.302Z] Session [e0f2f9d0-5085-11e4-b90c-69882ac9a0a6] - page.customHeaders:  - {}
[INFO  - 2014-10-10T14:01:06.302Z] Session [e0f2f9d0-5085-11e4-b90c-69882ac9a0a6] - Session.negotiatedCapabilities - {"browserName":"phantomjs","version":"1.9.7","driverName":"ghostdriver","driverVersion":"1.1.0","platform":"linux-unknown-64bit","javascriptEnabled":true,"takesScreenshot":true,"handlesAlerts":false,"databaseEnabled":false,"locationContextEnabled":false,"applicationCacheEnabled":false,"browserConnectionEnabled":false,"cssSelectorsEnabled":true,"webStorageEnabled":false,"rotatable":false,"acceptSslCerts":false,"nativeEvents":true,"proxy":{"proxyType":"direct"}}
[INFO  - 2014-10-10T14:01:06.303Z] SessionManagerReqHand - _postNewSessionCommand - New Session Created: e0f2f9d0-5085-11e4-b90c-69882ac9a0a6
[INFO  - 2014-10-10T14:01:09.270Z] ShutdownReqHand - _handle - About to shutdown
[INFO  - 2014-10-10T14:10:01.975Z] GhostDriver - Main - running on port 1648
[INFO  - 2014-10-10T14:10:02.443Z] Session [20852040-5087-11e4-88a2-395949f65a9e] - page.settings - {"XSSAuditingEnabled":false,"javascriptCanCloseWindows":true,"javascriptCanOpenWindows":true,"javascriptEnabled":true,"loadImages":true,"localToRemoteUrlAccessEnabled":false,"userAgent":"Mozilla/5.0 (Unknown; Linux x86_64) AppleWebKit/534.34 (KHTML, like Gecko) PhantomJS/1.9.7 Safari/534.34","webSecurityEnabled":true}
[INFO  - 2014-10-10T14:10:02.443Z] Session [20852040-5087-11e4-88a2-395949f65a9e] - page.customHeaders:  - {}
[INFO  - 2014-10-10T14:10:02.443Z] Session [20852040-5087-11e4-88a2-395949f65a9e] - Session.negotiatedCapabilities - {"browserName":"phantomjs","version":"1.9.7","driverName":"ghostdriver","driverVersion":"1.1.0","platform":"linux-unknown-64bit","javascriptEnabled":true,"takesScreenshot":true,"handlesAlerts":false,"databaseEnabled":false,"locationContextEnabled":false,"applicationCacheEnabled":false,"browserConnectionEnabled":false,"cssSelectorsEnabled":true,"webStorageEnabled":false,"rotatable":false,"acceptSslCerts":false,"nativeEvents":true,"proxy":{"proxyType":"direct"}}
[INFO  - 2014-10-10T14:10:02.443Z] SessionManagerReqHand - _postNewSessionCommand - New Session Created: 20852040-5087-11e4-88a2-395949f65a9e
[INFO  - 2014-10-10T14:10:05.132Z] ShutdownReqHand - _handle - About to shutdown
[INFO  - 2014-10-10T14:12:21.570Z] GhostDriver - Main - running on port 14756
[INFO  - 2014-10-10T14:12:22.208Z] Session [73d36b80-5087-11e4-b461-59525f545e7e] - page.settings - {"XSSAuditingEnabled":false,"javascriptCanCloseWindows":true,"javascriptCanOpenWindows":true,"javascriptEnabled":true,"loadImages":true,"localToRemoteUrlAccessEnabled":false,"userAgent":"Mozilla/5.0 (Unknown; Linux x86_64) AppleWebKit/534.34 (KHTML, like Gecko) PhantomJS/1.9.7 Safari/534.34","webSecurityEnabled":true}
[INFO  - 2014-10-10T14:12:22.208Z] Session [73d36b80-5087-11e4-b461-59525f545e7e] - page.customHeaders:  - {}
[INFO  - 2014-10-10T14:12:22.209Z] Session [73d36b80-5087-11e4-b461-59525f545e7e] - Session.negotiatedCapabilities - {"browserName":"phantomjs","version":"1.9.7","driverName":"ghostdriver","driverVersion":"1.1.0","platform":"linux-unknown-64bit","javascriptEnabled":true,"takesScreenshot":true,"handlesAlerts":false,"databaseEnabled":false,"locationContextEnabled":false,"applicationCacheEnabled":false,"browserConnectionEnabled":false,"cssSelectorsEnabled":true,"webStorageEnabled":false,"rotatable":false,"acceptSslCerts":false,"nativeEvents":true,"proxy":{"proxyType":"direct"}}
[INFO  - 2014-10-10T14:12:22.209Z] SessionManagerReqHand - _postNewSessionCommand - New Session Created: 73d36b80-5087-11e4-b461-59525f545e7e
[INFO  - 2014-10-10T14:12:24.410Z] ShutdownReqHand - _handle - About to shutdown
[INFO  - 2014-10-10T14:17:24.018Z] GhostDriver - Main - running on port 31635
[INFO  - 2014-10-10T14:17:24.667Z] Session [281b2740-5088-11e4-b3cf-fb7c4a0a732b] - page.settings - {"XSSAuditingEnabled":false,"javascriptCanCloseWindows":true,"javascriptCanOpenWindows":true,"javascriptEnabled":true,"loadImages":true,"localToRemoteUrlAccessEnabled":false,"userAgent":"Mozilla/5.0 (Unknown; Linux x86_64) AppleWebKit/534.34 (KHTML, like Gecko) PhantomJS/1.9.7 Safari/534.34","webSecurityEnabled":true}
[INFO  - 2014-10-10T14:17:24.668Z] Session [281b2740-5088-11e4-b3cf-fb7c4a0a732b] - page.customHeaders:  - {}
[INFO  - 2014-10-10T14:17:24.668Z] Session [281b2740-5088-11e4-b3cf-fb7c4a0a732b] - Session.negotiatedCapabilities - {"browserName":"phantomjs","version":"1.9.7","driverName":"ghostdriver","driverVersion":"1.1.0","platform":"linux-unknown-64bit","javascriptEnabled":true,"takesScreenshot":true,"handlesAlerts":false,"databaseEnabled":false,"locationContextEnabled":false,"applicationCacheEnabled":false,"browserConnectionEnabled":false,"cssSelectorsEnabled":true,"webStorageEnabled":false,"rotatable":false,"acceptSslCerts":false,"nativeEvents":true,"proxy":{"proxyType":"direct"}}
[INFO  - 2014-10-10T14:17:24.668Z] SessionManagerReqHand - _postNewSessionCommand - New Session Created: 281b2740-5088-11e4-b3cf-fb7c4a0a732b
[INFO  - 2014-10-10T14:17:26.228Z] ShutdownReqHand - _handle - About to shutdown
[INFO  - 2014-10-10T14:18:36.146Z] GhostDriver - Main - running on port 28230
[INFO  - 2014-10-10T14:18:36.687Z] Session [5308af90-5088-11e4-89a4-69926ea5795c] - page.settings - {"XSSAuditingEnabled":false,"javascriptCanCloseWindows":true,"javascriptCanOpenWindows":true,"javascriptEnabled":true,"loadImages":true,"localToRemoteUrlAccessEnabled":false,"userAgent":"Mozilla/5.0 (Unknown; Linux x86_64) AppleWebKit/534.34 (KHTML, like Gecko) PhantomJS/1.9.7 Safari/534.34","webSecurityEnabled":true}
[INFO  - 2014-10-10T14:18:36.687Z] Session [5308af90-5088-11e4-89a4-69926ea5795c] - page.customHeaders:  - {}
[INFO  - 2014-10-10T14:18:36.688Z] Session [5308af90-5088-11e4-89a4-69926ea5795c] - Session.negotiatedCapabilities - {"browserName":"phantomjs","version":"1.9.7","driverName":"ghostdriver","driverVersion":"1.1.0","platform":"linux-unknown-64bit","javascriptEnabled":true,"takesScreenshot":true,"handlesAlerts":false,"databaseEnabled":false,"locationContextEnabled":false,"applicationCacheEnabled":false,"browserConnectionEnabled":false,"cssSelectorsEnabled":true,"webStorageEnabled":false,"rotatable":false,"acceptSslCerts":false,"nativeEvents":true,"proxy":{"proxyType":"direct"}}
[INFO  - 2014-10-10T14:18:36.688Z] SessionManagerReqHand - _postNewSessionCommand - New Session Created: 5308af90-5088-11e4-89a4-69926ea5795c
[INFO  - 2014-10-10T14:18:38.267Z] ShutdownReqHand - _handle - About to shutdown
[INFO  - 2014-10-10T14:22:57.257Z] GhostDriver - Main - running on port 18549
[INFO  - 2014-10-10T14:22:58.083Z] Session [eed10e90-5088-11e4-ac69-21b2744c9b43] - page.settings - {"XSSAuditingEnabled":false,"javascriptCanCloseWindows":true,"javascriptCanOpenWindows":true,"javascriptEnabled":true,"loadImages":true,"localToRemoteUrlAccessEnabled":false,"userAgent":"Mozilla/5.0 (Unknown; Linux x86_64) AppleWebKit/534.34 (KHTML, like Gecko) PhantomJS/1.9.7 Safari/534.34","webSecurityEnabled":true}
[INFO  - 2014-10-10T14:22:58.084Z] Session [eed10e90-5088-11e4-ac69-21b2744c9b43] - page.customHeaders:  - {}
[INFO  - 2014-10-10T14:22:58.084Z] Session [eed10e90-5088-11e4-ac69-21b2744c9b43] - Session.negotiatedCapabilities - {"browserName":"phantomjs","version":"1.9.7","driverName":"ghostdriver","driverVersion":"1.1.0","platform":"linux-unknown-64bit","javascriptEnabled":true,"takesScreenshot":true,"handlesAlerts":false,"databaseEnabled":false,"locationContextEnabled":false,"applicationCacheEnabled":false,"browserConnectionEnabled":false,"cssSelectorsEnabled":true,"webStorageEnabled":false,"rotatable":false,"acceptSslCerts":false,"nativeEvents":true,"proxy":{"proxyType":"direct"}}
[INFO  - 2014-10-10T14:22:58.084Z] SessionManagerReqHand - _postNewSessionCommand - New Session Created: eed10e90-5088-11e4-ac69-21b2744c9b43
[INFO  - 2014-10-10T14:23:00.692Z] ShutdownReqHand - _handle - About to shutdown
[INFO  - 2014-10-10T14:28:32.075Z] GhostDriver - Main - running on port 18466
[INFO  - 2014-10-10T14:28:33.007Z] Session [b675c2b0-5089-11e4-b937-6f6979733acf] - page.settings - {"XSSAuditingEnabled":false,"javascriptCanCloseWindows":true,"javascriptCanOpenWindows":true,"javascriptEnabled":true,"loadImages":true,"localToRemoteUrlAccessEnabled":false,"userAgent":"Mozilla/5.0 (Unknown; Linux x86_64) AppleWebKit/534.34 (KHTML, like Gecko) PhantomJS/1.9.7 Safari/534.34","webSecurityEnabled":true}
[INFO  - 2014-10-10T14:28:33.007Z] Session [b675c2b0-5089-11e4-b937-6f6979733acf] - page.customHeaders:  - {}
[INFO  - 2014-10-10T14:28:33.007Z] Session [b675c2b0-5089-11e4-b937-6f6979733acf] - Session.negotiatedCapabilities - {"browserName":"phantomjs","version":"1.9.7","driverName":"ghostdriver","driverVersion":"1.1.0","platform":"linux-unknown-64bit","javascriptEnabled":true,"takesScreenshot":true,"handlesAlerts":false,"databaseEnabled":false,"locationContextEnabled":false,"applicationCacheEnabled":false,"browserConnectionEnabled":false,"cssSelectorsEnabled":true,"webStorageEnabled":false,"rotatable":false,"acceptSslCerts":false,"nativeEvents":true,"proxy":{"proxyType":"direct"}}
[INFO  - 2014-10-10T14:28:33.008Z] SessionManagerReqHand - _postNewSessionCommand - New Session Created: b675c2b0-5089-11e4-b937-6f6979733acf
[INFO  - 2014-10-10T14:28:35.050Z] ShutdownReqHand - _handle - About to shutdown
[INFO  - 2014-10-10T14:33:56.220Z] GhostDriver - Main - running on port 14463
[INFO  - 2014-10-10T14:33:56.862Z] Session [77803f80-508a-11e4-930e-39845a038680] - page.settings - {"XSSAuditingEnabled":false,"javascriptCanCloseWindows":true,"javascriptCanOpenWindows":true,"javascriptEnabled":true,"loadImages":true,"localToRemoteUrlAccessEnabled":false,"userAgent":"Mozilla/5.0 (Unknown; Linux x86_64) AppleWebKit/534.34 (KHTML, like Gecko) PhantomJS/1.9.7 Safari/534.34","webSecurityEnabled":true}
[INFO  - 2014-10-10T14:33:56.862Z] Session [77803f80-508a-11e4-930e-39845a038680] - page.customHeaders:  - {}
[INFO  - 2014-10-10T14:33:56.862Z] Session [77803f80-508a-11e4-930e-39845a038680] - Session.negotiatedCapabilities - {"browserName":"phantomjs","version":"1.9.7","driverName":"ghostdriver","driverVersion":"1.1.0","platform":"linux-unknown-64bit","javascriptEnabled":true,"takesScreenshot":true,"handlesAlerts":false,"databaseEnabled":false,"locationContextEnabled":false,"applicationCacheEnabled":false,"browserConnectionEnabled":false,"cssSelectorsEnabled":true,"webStorageEnabled":false,"rotatable":false,"acceptSslCerts":false,"nativeEvents":true,"proxy":{"proxyType":"direct"}}
[INFO  - 2014-10-10T14:33:56.863Z] SessionManagerReqHand - _postNewSessionCommand - New Session Created: 77803f80-508a-11e4-930e-39845a038680
[INFO  - 2014-10-10T14:33:58.588Z] ShutdownReqHand - _handle - About to shutdown
[INFO  - 2014-10-10T14:38:03.425Z] GhostDriver - Main - running on port 18731
[INFO  - 2014-10-10T14:38:04.129Z] Session [0adf9aa0-508b-11e4-bb8e-c72fb9263367] - page.settings - {"XSSAuditingEnabled":false,"javascriptCanCloseWindows":true,"javascriptCanOpenWindows":true,"javascriptEnabled":true,"loadImages":true,"localToRemoteUrlAccessEnabled":false,"userAgent":"Mozilla/5.0 (Unknown; Linux x86_64) AppleWebKit/534.34 (KHTML, like Gecko) PhantomJS/1.9.7 Safari/534.34","webSecurityEnabled":true}
[INFO  - 2014-10-10T14:38:04.130Z] Session [0adf9aa0-508b-11e4-bb8e-c72fb9263367] - page.customHeaders:  - {}
[INFO  - 2014-10-10T14:38:04.130Z] Session [0adf9aa0-508b-11e4-bb8e-c72fb9263367] - Session.negotiatedCapabilities - {"browserName":"phantomjs","version":"1.9.7","driverName":"ghostdriver","driverVersion":"1.1.0","platform":"linux-unknown-64bit","javascriptEnabled":true,"takesScreenshot":true,"handlesAlerts":false,"databaseEnabled":false,"locationContextEnabled":false,"applicationCacheEnabled":false,"browserConnectionEnabled":false,"cssSelectorsEnabled":true,"webStorageEnabled":false,"rotatable":false,"acceptSslCerts":false,"nativeEvents":true,"proxy":{"proxyType":"direct"}}
[INFO  - 2014-10-10T14:38:04.130Z] SessionManagerReqHand - _postNewSessionCommand - New Session Created: 0adf9aa0-508b-11e4-bb8e-c72fb9263367
[INFO  - 2014-10-10T14:38:06.136Z] ShutdownReqHand - _handle - About to shutdown
[INFO  - 2014-10-10T14:42:05.451Z] GhostDriver - Main - running on port 1149
[INFO  - 2014-10-10T14:42:06.055Z] Session [9b152d10-508b-11e4-a81a-db643ebb9d47] - page.settings - {"XSSAuditingEnabled":false,"javascriptCanCloseWindows":true,"javascriptCanOpenWindows":true,"javascriptEnabled":true,"loadImages":true,"localToRemoteUrlAccessEnabled":false,"userAgent":"Mozilla/5.0 (Unknown; Linux x86_64) AppleWebKit/534.34 (KHTML, like Gecko) PhantomJS/1.9.7 Safari/534.34","webSecurityEnabled":true}
[INFO  - 2014-10-10T14:42:06.055Z] Session [9b152d10-508b-11e4-a81a-db643ebb9d47] - page.customHeaders:  - {}
[INFO  - 2014-10-10T14:42:06.055Z] Session [9b152d10-508b-11e4-a81a-db643ebb9d47] - Session.negotiatedCapabilities - {"browserName":"phantomjs","version":"1.9.7","driverName":"ghostdriver","driverVersion":"1.1.0","platform":"linux-unknown-64bit","javascriptEnabled":true,"takesScreenshot":true,"handlesAlerts":false,"databaseEnabled":false,"locationContextEnabled":false,"applicationCacheEnabled":false,"browserConnectionEnabled":false,"cssSelectorsEnabled":true,"webStorageEnabled":false,"rotatable":false,"acceptSslCerts":false,"nativeEvents":true,"proxy":{"proxyType":"direct"}}
[INFO  - 2014-10-10T14:42:06.055Z] SessionManagerReqHand - _postNewSessionCommand - New Session Created: 9b152d10-508b-11e4-a81a-db643ebb9d47
[INFO  - 2014-10-10T14:42:07.701Z] ShutdownReqHand - _handle - About to shutdown
[INFO  - 2014-10-10T15:11:47.337Z] GhostDriver - Main - running on port 27559
[INFO  - 2014-10-10T15:11:47.877Z] Session [c12154d0-508f-11e4-a213-e5b11b1378cf] - page.settings - {"XSSAuditingEnabled":false,"javascriptCanCloseWindows":true,"javascriptCanOpenWindows":true,"javascriptEnabled":true,"loadImages":true,"localToRemoteUrlAccessEnabled":false,"userAgent":"Mozilla/5.0 (Unknown; Linux x86_64) AppleWebKit/534.34 (KHTML, like Gecko) PhantomJS/1.9.7 Safari/534.34","webSecurityEnabled":true}
[INFO  - 2014-10-10T15:11:47.877Z] Session [c12154d0-508f-11e4-a213-e5b11b1378cf] - page.customHeaders:  - {}
[INFO  - 2014-10-10T15:11:47.877Z] Session [c12154d0-508f-11e4-a213-e5b11b1378cf] - Session.negotiatedCapabilities - {"browserName":"phantomjs","version":"1.9.7","driverName":"ghostdriver","driverVersion":"1.1.0","platform":"linux-unknown-64bit","javascriptEnabled":true,"takesScreenshot":true,"handlesAlerts":false,"databaseEnabled":false,"locationContextEnabled":false,"applicationCacheEnabled":false,"browserConnectionEnabled":false,"cssSelectorsEnabled":true,"webStorageEnabled":false,"rotatable":false,"acceptSslCerts":false,"nativeEvents":true,"proxy":{"proxyType":"direct"}}
[INFO  - 2014-10-10T15:11:47.878Z] SessionManagerReqHand - _postNewSessionCommand - New Session Created: c12154d0-508f-11e4-a213-e5b11b1378cf
[INFO  - 2014-10-10T15:11:49.460Z] ShutdownReqHand - _handle - About to shutdown
[INFO  - 2014-10-10T15:17:54.140Z] GhostDriver - Main - running on port 32613
[INFO  - 2014-10-10T15:17:54.705Z] Session [9bc725b0-5090-11e4-abbb-a1323d2ad0ed] - page.settings - {"XSSAuditingEnabled":false,"javascriptCanCloseWindows":true,"javascriptCanOpenWindows":true,"javascriptEnabled":true,"loadImages":true,"localToRemoteUrlAccessEnabled":false,"userAgent":"Mozilla/5.0 (Unknown; Linux x86_64) AppleWebKit/534.34 (KHTML, like Gecko) PhantomJS/1.9.7 Safari/534.34","webSecurityEnabled":true}
[INFO  - 2014-10-10T15:17:54.705Z] Session [9bc725b0-5090-11e4-abbb-a1323d2ad0ed] - page.customHeaders:  - {}
[INFO  - 2014-10-10T15:17:54.705Z] Session [9bc725b0-5090-11e4-abbb-a1323d2ad0ed] - Session.negotiatedCapabilities - {"browserName":"phantomjs","version":"1.9.7","driverName":"ghostdriver","driverVersion":"1.1.0","platform":"linux-unknown-64bit","javascriptEnabled":true,"takesScreenshot":true,"handlesAlerts":false,"databaseEnabled":false,"locationContextEnabled":false,"applicationCacheEnabled":false,"browserConnectionEnabled":false,"cssSelectorsEnabled":true,"webStorageEnabled":false,"rotatable":false,"acceptSslCerts":false,"nativeEvents":true,"proxy":{"proxyType":"direct"}}
[INFO  - 2014-10-10T15:17:54.705Z] SessionManagerReqHand - _postNewSessionCommand - New Session Created: 9bc725b0-5090-11e4-abbb-a1323d2ad0ed
[INFO  - 2014-10-10T15:17:55.892Z] ShutdownReqHand - _handle - About to shutdown
[INFO  - 2014-10-10T15:21:58.579Z] GhostDriver - Main - running on port 6491
[INFO  - 2014-10-10T15:21:59.110Z] Session [2d746400-5091-11e4-b5a0-4733089bbd41] - page.settings - {"XSSAuditingEnabled":false,"javascriptCanCloseWindows":true,"javascriptCanOpenWindows":true,"javascriptEnabled":true,"loadImages":true,"localToRemoteUrlAccessEnabled":false,"userAgent":"Mozilla/5.0 (Unknown; Linux x86_64) AppleWebKit/534.34 (KHTML, like Gecko) PhantomJS/1.9.7 Safari/534.34","webSecurityEnabled":true}
[INFO  - 2014-10-10T15:21:59.111Z] Session [2d746400-5091-11e4-b5a0-4733089bbd41] - page.customHeaders:  - {}
[INFO  - 2014-10-10T15:21:59.111Z] Session [2d746400-5091-11e4-b5a0-4733089bbd41] - Session.negotiatedCapabilities - {"browserName":"phantomjs","version":"1.9.7","driverName":"ghostdriver","driverVersion":"1.1.0","platform":"linux-unknown-64bit","javascriptEnabled":true,"takesScreenshot":true,"handlesAlerts":false,"databaseEnabled":false,"locationContextEnabled":false,"applicationCacheEnabled":false,"browserConnectionEnabled":false,"cssSelectorsEnabled":true,"webStorageEnabled":false,"rotatable":false,"acceptSslCerts":false,"nativeEvents":true,"proxy":{"proxyType":"direct"}}
[INFO  - 2014-10-10T15:21:59.111Z] SessionManagerReqHand - _postNewSessionCommand - New Session Created: 2d746400-5091-11e4-b5a0-4733089bbd41
[INFO  - 2014-10-10T15:22:00.205Z] ShutdownReqHand - _handle - About to shutdown
[INFO  - 2014-10-10T15:23:03.835Z] GhostDriver - Main - running on port 27046
[INFO  - 2014-10-10T15:23:04.474Z] Session [546a2540-5091-11e4-a64b-39f104911ea4] - page.settings - {"XSSAuditingEnabled":false,"javascriptCanCloseWindows":true,"javascriptCanOpenWindows":true,"javascriptEnabled":true,"loadImages":true,"localToRemoteUrlAccessEnabled":false,"userAgent":"Mozilla/5.0 (Unknown; Linux x86_64) AppleWebKit/534.34 (KHTML, like Gecko) PhantomJS/1.9.7 Safari/534.34","webSecurityEnabled":true}
[INFO  - 2014-10-10T15:23:04.474Z] Session [546a2540-5091-11e4-a64b-39f104911ea4] - page.customHeaders:  - {}
[INFO  - 2014-10-10T15:23:04.475Z] Session [546a2540-5091-11e4-a64b-39f104911ea4] - Session.negotiatedCapabilities - {"browserName":"phantomjs","version":"1.9.7","driverName":"ghostdriver","driverVersion":"1.1.0","platform":"linux-unknown-64bit","javascriptEnabled":true,"takesScreenshot":true,"handlesAlerts":false,"databaseEnabled":false,"locationContextEnabled":false,"applicationCacheEnabled":false,"browserConnectionEnabled":false,"cssSelectorsEnabled":true,"webStorageEnabled":false,"rotatable":false,"acceptSslCerts":false,"nativeEvents":true,"proxy":{"proxyType":"direct"}}
[INFO  - 2014-10-10T15:23:04.475Z] SessionManagerReqHand - _postNewSessionCommand - New Session Created: 546a2540-5091-11e4-a64b-39f104911ea4
[INFO  - 2014-10-10T15:23:06.973Z] ShutdownReqHand - _handle - About to shutdown
[INFO  - 2014-10-10T15:33:14.460Z] GhostDriver - Main - running on port 12303
[INFO  - 2014-10-10T15:33:15.048Z] Session [c057e2f0-5092-11e4-a992-d709adb26a5f] - page.settings - {"XSSAuditingEnabled":false,"javascriptCanCloseWindows":true,"javascriptCanOpenWindows":true,"javascriptEnabled":true,"loadImages":true,"localToRemoteUrlAccessEnabled":false,"userAgent":"Mozilla/5.0 (Unknown; Linux x86_64) AppleWebKit/534.34 (KHTML, like Gecko) PhantomJS/1.9.7 Safari/534.34","webSecurityEnabled":true}
[INFO  - 2014-10-10T15:33:15.048Z] Session [c057e2f0-5092-11e4-a992-d709adb26a5f] - page.customHeaders:  - {}
[INFO  - 2014-10-10T15:33:15.048Z] Session [c057e2f0-5092-11e4-a992-d709adb26a5f] - Session.negotiatedCapabilities - {"browserName":"phantomjs","version":"1.9.7","driverName":"ghostdriver","driverVersion":"1.1.0","platform":"linux-unknown-64bit","javascriptEnabled":true,"takesScreenshot":true,"handlesAlerts":false,"databaseEnabled":false,"locationContextEnabled":false,"applicationCacheEnabled":false,"browserConnectionEnabled":false,"cssSelectorsEnabled":true,"webStorageEnabled":false,"rotatable":false,"acceptSslCerts":false,"nativeEvents":true,"proxy":{"proxyType":"direct"}}
[INFO  - 2014-10-10T15:33:15.048Z] SessionManagerReqHand - _postNewSessionCommand - New Session Created: c057e2f0-5092-11e4-a992-d709adb26a5f
[INFO  - 2014-10-10T15:33:15.916Z] ShutdownReqHand - _handle - About to shutdown
[INFO  - 2014-10-10T15:35:46.169Z] GhostDriver - Main - running on port 5666
[INFO  - 2014-10-10T15:35:46.666Z] Session [1ab76a40-5093-11e4-8f7c-377810524c82] - page.settings - {"XSSAuditingEnabled":false,"javascriptCanCloseWindows":true,"javascriptCanOpenWindows":true,"javascriptEnabled":true,"loadImages":true,"localToRemoteUrlAccessEnabled":false,"userAgent":"Mozilla/5.0 (Unknown; Linux x86_64) AppleWebKit/534.34 (KHTML, like Gecko) PhantomJS/1.9.7 Safari/534.34","webSecurityEnabled":true}
[INFO  - 2014-10-10T15:35:46.666Z] Session [1ab76a40-5093-11e4-8f7c-377810524c82] - page.customHeaders:  - {}
[INFO  - 2014-10-10T15:35:46.667Z] Session [1ab76a40-5093-11e4-8f7c-377810524c82] - Session.negotiatedCapabilities - {"browserName":"phantomjs","version":"1.9.7","driverName":"ghostdriver","driverVersion":"1.1.0","platform":"linux-unknown-64bit","javascriptEnabled":true,"takesScreenshot":true,"handlesAlerts":false,"databaseEnabled":false,"locationContextEnabled":false,"applicationCacheEnabled":false,"browserConnectionEnabled":false,"cssSelectorsEnabled":true,"webStorageEnabled":false,"rotatable":false,"acceptSslCerts":false,"nativeEvents":true,"proxy":{"proxyType":"direct"}}
[INFO  - 2014-10-10T15:35:46.667Z] SessionManagerReqHand - _postNewSessionCommand - New Session Created: 1ab76a40-5093-11e4-8f7c-377810524c82
[INFO  - 2014-10-10T15:35:47.513Z] ShutdownReqHand - _handle - About to shutdown
[INFO  - 2014-10-10T15:37:46.410Z] GhostDriver - Main - running on port 25373
[INFO  - 2014-10-10T15:37:46.971Z] Session [626c8050-5093-11e4-b8ca-a7733ee0580d] - page.settings - {"XSSAuditingEnabled":false,"javascriptCanCloseWindows":true,"javascriptCanOpenWindows":true,"javascriptEnabled":true,"loadImages":true,"localToRemoteUrlAccessEnabled":false,"userAgent":"Mozilla/5.0 (Unknown; Linux x86_64) AppleWebKit/534.34 (KHTML, like Gecko) PhantomJS/1.9.7 Safari/534.34","webSecurityEnabled":true}
[INFO  - 2014-10-10T15:37:46.971Z] Session [626c8050-5093-11e4-b8ca-a7733ee0580d] - page.customHeaders:  - {}
[INFO  - 2014-10-10T15:37:46.971Z] Session [626c8050-5093-11e4-b8ca-a7733ee0580d] - Session.negotiatedCapabilities - {"browserName":"phantomjs","version":"1.9.7","driverName":"ghostdriver","driverVersion":"1.1.0","platform":"linux-unknown-64bit","javascriptEnabled":true,"takesScreenshot":true,"handlesAlerts":false,"databaseEnabled":false,"locationContextEnabled":false,"applicationCacheEnabled":false,"browserConnectionEnabled":false,"cssSelectorsEnabled":true,"webStorageEnabled":false,"rotatable":false,"acceptSslCerts":false,"nativeEvents":true,"proxy":{"proxyType":"direct"}}
[INFO  - 2014-10-10T15:37:46.971Z] SessionManagerReqHand - _postNewSessionCommand - New Session Created: 626c8050-5093-11e4-b8ca-a7733ee0580d
[INFO  - 2014-10-10T15:37:48.262Z] ShutdownReqHand - _handle - About to shutdown
[INFO  - 2014-10-10T15:45:46.697Z] GhostDriver - Main - running on port 22951
[INFO  - 2014-10-10T15:45:47.201Z] Session [80a9c8b0-5094-11e4-b0a7-89c17694a787] - page.settings - {"XSSAuditingEnabled":false,"javascriptCanCloseWindows":true,"javascriptCanOpenWindows":true,"javascriptEnabled":true,"loadImages":true,"localToRemoteUrlAccessEnabled":false,"userAgent":"Mozilla/5.0 (Unknown; Linux x86_64) AppleWebKit/534.34 (KHTML, like Gecko) PhantomJS/1.9.7 Safari/534.34","webSecurityEnabled":true}
[INFO  - 2014-10-10T15:45:47.201Z] Session [80a9c8b0-5094-11e4-b0a7-89c17694a787] - page.customHeaders:  - {}
[INFO  - 2014-10-10T15:45:47.201Z] Session [80a9c8b0-5094-11e4-b0a7-89c17694a787] - Session.negotiatedCapabilities - {"browserName":"phantomjs","version":"1.9.7","driverName":"ghostdriver","driverVersion":"1.1.0","platform":"linux-unknown-64bit","javascriptEnabled":true,"takesScreenshot":true,"handlesAlerts":false,"databaseEnabled":false,"locationContextEnabled":false,"applicationCacheEnabled":false,"browserConnectionEnabled":false,"cssSelectorsEnabled":true,"webStorageEnabled":false,"rotatable":false,"acceptSslCerts":false,"nativeEvents":true,"proxy":{"proxyType":"direct"}}
[INFO  - 2014-10-10T15:45:47.201Z] SessionManagerReqHand - _postNewSessionCommand - New Session Created: 80a9c8b0-5094-11e4-b0a7-89c17694a787
[INFO  - 2014-10-10T15:45:48.037Z] ShutdownReqHand - _handle - About to shutdown
[INFO  - 2014-10-10T15:46:47.841Z] GhostDriver - Main - running on port 32145
[INFO  - 2014-10-10T15:46:48.082Z] Session [a4f37cc0-5094-11e4-8412-8f668ee59a67] - page.settings - {"XSSAuditingEnabled":false,"javascriptCanCloseWindows":true,"javascriptCanOpenWindows":true,"javascriptEnabled":true,"loadImages":true,"localToRemoteUrlAccessEnabled":false,"userAgent":"Mozilla/5.0 (Unknown; Linux x86_64) AppleWebKit/534.34 (KHTML, like Gecko) PhantomJS/1.9.7 Safari/534.34","webSecurityEnabled":true}
[INFO  - 2014-10-10T15:46:48.082Z] Session [a4f37cc0-5094-11e4-8412-8f668ee59a67] - page.customHeaders:  - {}
[INFO  - 2014-10-10T15:46:48.082Z] Session [a4f37cc0-5094-11e4-8412-8f668ee59a67] - Session.negotiatedCapabilities - {"browserName":"phantomjs","version":"1.9.7","driverName":"ghostdriver","driverVersion":"1.1.0","platform":"linux-unknown-64bit","javascriptEnabled":true,"takesScreenshot":true,"handlesAlerts":false,"databaseEnabled":false,"locationContextEnabled":false,"applicationCacheEnabled":false,"browserConnectionEnabled":false,"cssSelectorsEnabled":true,"webStorageEnabled":false,"rotatable":false,"acceptSslCerts":false,"nativeEvents":true,"proxy":{"proxyType":"direct"}}
[INFO  - 2014-10-10T15:46:48.082Z] SessionManagerReqHand - _postNewSessionCommand - New Session Created: a4f37cc0-5094-11e4-8412-8f668ee59a67
[INFO  - 2014-10-10T15:46:49.665Z] ShutdownReqHand - _handle - About to shutdown
[INFO  - 2014-10-10T15:47:02.139Z] GhostDriver - Main - running on port 18128
[INFO  - 2014-10-10T15:47:02.459Z] Session [ad851740-5094-11e4-863f-936199293ad9] - page.settings - {"XSSAuditingEnabled":false,"javascriptCanCloseWindows":true,"javascriptCanOpenWindows":true,"javascriptEnabled":true,"loadImages":true,"localToRemoteUrlAccessEnabled":false,"userAgent":"Mozilla/5.0 (Unknown; Linux x86_64) AppleWebKit/534.34 (KHTML, like Gecko) PhantomJS/1.9.7 Safari/534.34","webSecurityEnabled":true}
[INFO  - 2014-10-10T15:47:02.459Z] Session [ad851740-5094-11e4-863f-936199293ad9] - page.customHeaders:  - {}
[INFO  - 2014-10-10T15:47:02.459Z] Session [ad851740-5094-11e4-863f-936199293ad9] - Session.negotiatedCapabilities - {"browserName":"phantomjs","version":"1.9.7","driverName":"ghostdriver","driverVersion":"1.1.0","platform":"linux-unknown-64bit","javascriptEnabled":true,"takesScreenshot":true,"handlesAlerts":false,"databaseEnabled":false,"locationContextEnabled":false,"applicationCacheEnabled":false,"browserConnectionEnabled":false,"cssSelectorsEnabled":true,"webStorageEnabled":false,"rotatable":false,"acceptSslCerts":false,"nativeEvents":true,"proxy":{"proxyType":"direct"}}
[INFO  - 2014-10-10T15:47:02.459Z] SessionManagerReqHand - _postNewSessionCommand - New Session Created: ad851740-5094-11e4-863f-936199293ad9
[INFO  - 2014-10-10T15:47:02.902Z] ShutdownReqHand - _handle - About to shutdown
